This is pdfeTeX, Version 3.141592-1.21a-2.2 (Web2C 7.5.4) (format=latex 2005.7.1)  3 MAY 2012 11:28
entering extended mode
**bits_and_bytes.tex
(./bits_and_bytes.tex
LaTeX2e <2003/12/01>
Babel <v3.8d> and hyphenation patterns for american, french, german, ngerman, b
ahasa, basque, bulgarian, catalan, croatian, czech, danish, dutch, esperanto, e
stonian, finnish, greek, icelandic, irish, italian, latin, magyar, norsk, polis
h, portuges, romanian, russian, serbian, slovak, slovene, spanish, swedish, tur
kish, ukrainian, nohyphenation, loaded.
(/opt/csw/share/texmf/tex/latex/prosper/prosper.cls
Document Class: prosper 2001/01/23, v. 1.1
(c) 2000 Frederic Goualard, CWI, The Netherlands
CVSId: $Id: prosper.cls,v 1.5 2001/01/31 10:20:44 exupery Exp $
 
(/opt/csw/share/texmf-dist/tex/latex/seminar/seminar.cls
Document Class: seminar 1997/10/13, 1.4
Document Style: `seminar' v1.4 <1997/10/13> (tvz)
\slidewidth=\dimen102
\slideheight=\dimen103
\footheight=\dimen104
(/opt/csw/share/texmf-dist/tex/latex/base/article.cls
Document Class: article 2004/02/16 v1.4f Standard LaTeX document class
(/opt/csw/share/texmf-dist/tex/latex/base/leqno.clo
File: leqno.clo 1998/08/17 v1.1c Standard LaTeX option (left equation numbers)
)
(/opt/csw/share/texmf-dist/tex/latex/base/size10.clo
File: size10.clo 2004/02/16 v1.4f Standard LaTeX file (size option)
)
\c@part=\count79
\c@section=\count80
\c@subsection=\count81
\c@subsubsection=\count82
\c@paragraph=\count83
\c@subparagraph=\count84
\c@figure=\count85
\c@table=\count86
\abovecaptionskip=\skip41
\belowcaptionskip=\skip42
\bibindent=\dimen105
)
(/opt/csw/share/texmf-dist/tex/latex/seminar/sem-page.sty)
\before@document=\toks14
\after@document=\toks15
\before@enddocument=\toks16
\c@slide=\count87
\slide@count=\count88
\@slidebox=\box26
\not@slidebox=\box27
\slide@hook=\toks17
\after@slide=\toks18
\slide@footins=\insert233
\slide@listdepth=\count89
\saved@specials=\box28
\before@newslide=\toks19
\after@slidepage=\toks20
\slidesep=\skip43
\c@note=\count90
\slideframewidth=\dimen106
\slideframesep=\dimen107
\semin=\dimen108
\semcm=\dimen109
)
(/opt/csw/share/texmf-dist/tex/latex/seminar/seminar.con)
(/opt/csw/share/texmf-dist/tex/latex/seminar/semcolor.sty
Style Option: `semcolor' for doc style `seminar' 1.01 <2004/05/18> (tvz)
File: semcolor.sty 2004/05/18 v1.01 (tvz)
(/opt/csw/share/texmf-dist/tex/latex/pstricks/pstricks.sty
Package: pstricks 2004/05/12 v0.2l LaTeX wrapper for `PSTricks' (RN,HV)

(/opt/csw/share/texmf-dist/tex/generic/pstricks/pstricks.tex
`PSTricks' v1.04  <2004/06/22> (tvz)
\pst@dima=\dimen110
\pst@dimb=\dimen111
\pst@dimc=\dimen112
\pst@dimd=\dimen113
\pst@dimg=\dimen114
\pst@dimh=\dimen115
\pst@hbox=\box29
\pst@boxg=\box30
\pst@cnta=\count91
\pst@cntb=\count92
\pst@cntc=\count93
\pst@cntd=\count94
\pst@cntg=\count95
\pst@cnth=\count96
\pst@toks=\toks21
(/opt/csw/share/texmf-dist/tex/generic/pstricks/pstricks.con)
\psunit=\dimen116
\psxunit=\dimen117
\psyunit=\dimen118
\pslinewidth=\dimen119
\pst@customdefs=\toks22
\pslinearc=\dimen120
\everypsbox=\toks23
\psframesep=\dimen121
\pslabelsep=\dimen122
\theoverlaybox=\box31
)
File: pstricks.tex 2004/06/22 v1.04 `PSTricks' (tvz)

(/opt/csw/share/texmf-dist/tex/latex/xcolor/xcolor.sty
Package: xcolor 2004/07/04 v2.00 LaTeX color extensions (UK)

(/opt/csw/share/texmf-dist/tex/latex/graphics/color.cfg
File: color.cfg 2005/02/03 v1.3 color configuration of teTeX/TeXLive
)
Package xcolor Info: Package option `override' ignored on input line 128.
Package xcolor Info: Driver file: dvips.def on input line 136.

(/opt/csw/share/texmf-dist/tex/latex/graphics/dvips.def
File: dvips.def 1999/02/16 v3.0i Driver-dependant file (DPC,SPQR)
)
Package xcolor Info: Color model `cmy' added on input line 972.
Package xcolor Info: Color model `HTML' added on input line 1000.
Package xcolor Info: Color model `HSB' added on input line 1006.
Package xcolor Info: Color model `Gray' added on input line 1012.
)))
(/opt/csw/share/texmf-dist/tex/latex/seminar/semlayer.sty
\@@slidebox=\box32
\c@overlay=\count97
)
(/opt/csw/share/texmf-dist/tex/latex/graphics/graphicx.sty
Package: graphicx 1999/02/16 v1.0f Enhanced LaTeX Graphics (DPC,SPQR)

(/opt/csw/share/texmf-dist/tex/latex/graphics/keyval.sty
Package: keyval 1999/03/16 v1.13 key=value parser (DPC)
\KV@toks@=\toks24
)
(/opt/csw/share/texmf-dist/tex/latex/graphics/graphics.sty
Package: graphics 2001/07/07 v1.0n Standard LaTeX Graphics (DPC,SPQR)

(/opt/csw/share/texmf-dist/tex/latex/graphics/trig.sty
Package: trig 1999/03/16 v1.09 sin cos tan (DPC)
)
(/opt/csw/share/texmf-dist/tex/latex/graphics/graphics.cfg
File: graphics.cfg 2005/02/03 v1.3 graphics configuration of teTeX/TeXLive
)
Package graphics Info: Driver file: dvips.def on input line 80.
)
\Gin@req@height=\dimen123
\Gin@req@width=\dimen124
)
(/opt/csw/share/texmf-dist/tex/latex/hyperref/hyperref.sty
Package: hyperref 2003/11/30 v6.74m Hypertext links for LaTeX
\@linkdim=\dimen125
\Hy@linkcounter=\count98
\Hy@pagecounter=\count99

(/opt/csw/share/texmf-dist/tex/latex/hyperref/pd1enc.def
File: pd1enc.def 2003/11/30 v6.74m Hyperref: PDFDocEncoding definition (HO)
)
(/opt/csw/share/texmf-dist/tex/latex/hyperref/hyperref.cfg
File: hyperref.cfg 2002/06/06 v1.2 hyperref configuration of TeXLive and teTeX
)
Package hyperref Info: Option `bookmarks' set `true' on input line 1830.
Package hyperref Info: Option `pdffitwindow' set `true' on input line 1830.
Package hyperref Info: Option `pdfcenterwindow' set `true' on input line 1830.
Package hyperref Info: Hyper figures OFF on input line 1880.
Package hyperref Info: Link nesting OFF on input line 1885.
Package hyperref Info: Hyper index ON on input line 1888.
Package hyperref Info: Plain pages ON on input line 1893.
Package hyperref Info: Backreferencing OFF on input line 1900.

Implicit mode ON; LaTeX internals redefined
Package hyperref Info: Bookmarks ON on input line 2004.
(/opt/csw/share/texmf-dist/tex/latex/url/url.sty
\Urlmuskip=\muskip10
Package: url 2004/03/15  ver 3.1  Verb mode for urls, etc.
)
LaTeX Info: Redefining \url on input line 2143.
\Fld@menulength=\count100
\Field@Width=\dimen126
\Fld@charsize=\dimen127
\Choice@toks=\toks25
\Field@toks=\toks26
Package hyperref Info: Hyper figures OFF on input line 2618.
Package hyperref Info: Link nesting OFF on input line 2623.
Package hyperref Info: Hyper index ON on input line 2626.
Package hyperref Info: backreferencing OFF on input line 2633.
Package hyperref Info: Link coloring OFF on input line 2638.
\c@Item=\count101
\c@Hfootnote=\count102
)
*hyperref using driver hdvips*
(/opt/csw/share/texmf-dist/tex/latex/hyperref/hdvips.def
File: hdvips.def 2003/11/30 v6.74m Hyperref driver for dvips

(/opt/csw/share/texmf-dist/tex/latex/hyperref/pdfmark.def
File: pdfmark.def 2003/11/30 v6.74m Hyperref definitions for pdfmark specials
\pdf@docset=\toks27
\pdf@box=\box33
\pdf@toks=\toks28
\pdf@defaulttoks=\toks29
\Fld@listcount=\count103
\@outlinefile=\write3
))
(/opt/csw/share/texmf-dist/tex/latex/base/ifthen.sty
Package: ifthen 2001/05/26 v1.1c Standard LaTeX ifthen package (DPC)
)
\slideWidth=\skip44
\c@trueSlideCounter=\count104
 (./PPRgenome.sty
Package: PPRgenome 2006/11/29

'Genome' style for Prosper ---
(c) 2006 Michael Lewis
(/opt/csw/share/texmf-dist/tex/latex/pstricks/pst-grad.sty
Package: pst-grad 2004/07/15 package wrapper for pst-grad.tex

(/opt/csw/share/texmf-dist/tex/generic/pstricks/pst-grad.tex
 v1.04, 2004/06/24)
File: pst-grad.tex 2004/06/24 1.04 `pst-grad' (tvz)
) (/opt/csw/share/texmf-dist/tex/latex/seminar/semhelv.sty
Style Option: `semhelv' for the `seminar' doc style 1.4 <2000/05/08> (tvz)
Modified by Stefan (see source for details)
LaTeX Font Info:    Font shape `OT1/helvetica/m/n' will be
(Font)              scaled to size 8.20007pt on input line 176.
))
\c@item@step=\count105
\c@overlay@page=\count106
\theoverlays=\box34
\c@overlaysCount=\count107
\c@limitOverlays=\count108
) (./bits_and_bytes.aux)
\openout1 = `bits_and_bytes.aux'.

LaTeX Font Info:    Checking defaults for OML/cmm/m/it on input line 10.
LaTeX Font Info:    ... okay on input line 10.
LaTeX Font Info:    Checking defaults for T1/cmr/m/n on input line 10.
LaTeX Font Info:    ... okay on input line 10.
LaTeX Font Info:    Checking defaults for OT1/cmr/m/n on input line 10.
LaTeX Font Info:    ... okay on input line 10.
LaTeX Font Info:    Checking defaults for OMS/cmsy/m/n on input line 10.
LaTeX Font Info:    ... okay on input line 10.
LaTeX Font Info:    Checking defaults for OMX/cmex/m/n on input line 10.
LaTeX Font Info:    ... okay on input line 10.
LaTeX Font Info:    Checking defaults for U/cmr/m/n on input line 10.
LaTeX Font Info:    ... okay on input line 10.
LaTeX Font Info:    Checking defaults for PD1/pdf/m/n on input line 10.
LaTeX Font Info:    ... okay on input line 10.
Package hyperref Info: Link coloring OFF on input line 10.

(/opt/csw/share/texmf-dist/tex/latex/hyperref/nameref.sty
Package: nameref 2003/12/03 v2.21 Cross-referencing by name of section
\c@section@level=\count109
)
LaTeX Info: Redefining \ref on input line 10.
LaTeX Info: Redefining \pageref on input line 10.

(./bits_and_bytes.out) (./bits_and_bytes.out)
\openout3 = `bits_and_bytes.out'.

LaTeX Font Info:    Font shape `OT1/helvetica/m/n' will be
(Font)              scaled to size 14.16972pt on input line 12.
LaTeX Font Info:    Font shape `OT1/helvetica/m/n' will be
(Font)              scaled to size 11.80809pt on input line 12.
LaTeX Font Info:    Try loading font information for T1+phv on input line 12.

(/opt/csw/share/texmf-dist/tex/latex/psnfss/t1phv.fd
File: t1phv.fd 2001/06/04 scalable font definitions for T1/phv.
)
File: genbanner.eps Graphic file (type eps)
 <genbanner.eps>
LaTeX Font Info:    External font `cmex10' loaded for size
(Font)              <14.4> on input line 16.
LaTeX Font Info:    External font `cmex10' loaded for size
(Font)              <7> on input line 16.
File: dna_background.eps Graphic file (type eps)

<dna_background.eps>
File: genlogo.eps Graphic file (type eps)
 <genlogo.eps>
LaTeX Font Info:    Font shape `OT1/helvetica/m/n' will be
(Font)              scaled to size 5.74005pt on input line 16.
LaTeX Font Info:    Font shape `OT1/helvetica/m/n' will be
(Font)              scaled to size 4.10004pt on input line 16.
 [1


]
File: dna_background.eps Graphic file (type eps)
 <dna_background.eps>
File: genlogo.eps Graphic file (type eps)
 <genlogo.eps>
[2

]
LaTeX Font Info:    External font `cmex10' loaded for size
(Font)              <5> on input line 41.
File: dna_background.eps Graphic file (type eps)
 <dna_background.eps>
File: genlogo.eps Graphic file (type eps)
 <genlogo.eps> [3

]
File: dna_background.eps Graphic file (type eps)
 <dna_background.eps>
File: genlogo.eps Graphic file (type eps)
 <genlogo.eps>
[3

]
File: dna_background.eps Graphic file (type eps)
 <dna_background.eps>
File: genlogo.eps Graphic file (type eps)
 <genlogo.eps> [3

]
File: dna_background.eps Graphic file (type eps)
 <dna_background.eps>
File: genlogo.eps Graphic file (type eps)
 <genlogo.eps>
[3

]
File: dna_background.eps Graphic file (type eps)
 <dna_background.eps>
File: genlogo.eps Graphic file (type eps)
 <genlogo.eps> [3

]
File: dna_background.eps Graphic file (type eps)
 <dna_background.eps>
File: genlogo.eps Graphic file (type eps)
 <genlogo.eps>
[3

]
LaTeX Font Info:    Font shape `OT1/helvetica/bx/n' in size <14.4> not availabl
e
(Font)              Font shape `OT1/helvetica/b/n' tried instead on input line 
53.
LaTeX Font Info:    Font shape `OT1/helvetica/b/n' will be
(Font)              scaled to size 11.80809pt on input line 53.
File: dna_background.eps Graphic file (type eps)
 <dna_background.eps>
File: genlogo.eps Graphic file (type eps)
 <genlogo.eps> [4

]
File: dna_background.eps Graphic file (type eps)
 <dna_background.eps>
File: genlogo.eps Graphic file (type eps)
 <genlogo.eps>
[4

]
File: dna_background.eps Graphic file (type eps)
 <dna_background.eps>
File: genlogo.eps Graphic file (type eps)
 <genlogo.eps> [4

]
File: dna_background.eps Graphic file (type eps)
 <dna_background.eps>
File: genlogo.eps Graphic file (type eps)
 <genlogo.eps>
[4

]
File: dna_background.eps Graphic file (type eps)
 <dna_background.eps>
File: genlogo.eps Graphic file (type eps)
 <genlogo.eps> [4

]
File: dna_background.eps Graphic file (type eps)
 <dna_background.eps>
File: genlogo.eps Graphic file (type eps)
 <genlogo.eps>
[4

]
File: dna_background.eps Graphic file (type eps)
 <dna_background.eps>
File: genlogo.eps Graphic file (type eps)
 <genlogo.eps> [5

]
File: dna_background.eps Graphic file (type eps)
 <dna_background.eps>
File: genlogo.eps Graphic file (type eps)
 <genlogo.eps>
[5

]
File: dna_background.eps Graphic file (type eps)
 <dna_background.eps>
File: genlogo.eps Graphic file (type eps)
 <genlogo.eps> [5

]
File: dna_background.eps Graphic file (type eps)
 <dna_background.eps>
File: genlogo.eps Graphic file (type eps)
 <genlogo.eps>
[5

]
File: dna_background.eps Graphic file (type eps)
 <dna_background.eps>
File: genlogo.eps Graphic file (type eps)
 <genlogo.eps> [6

]
File: dna_background.eps Graphic file (type eps)
 <dna_background.eps>
File: genlogo.eps Graphic file (type eps)
 <genlogo.eps>
[6

]
File: dna_background.eps Graphic file (type eps)
 <dna_background.eps>
File: genlogo.eps Graphic file (type eps)
 <genlogo.eps> [6

]
File: dna_background.eps Graphic file (type eps)
 <dna_background.eps>
File: genlogo.eps Graphic file (type eps)
 <genlogo.eps>
[7

]
File: dna_background.eps Graphic file (type eps)
 <dna_background.eps>
File: genlogo.eps Graphic file (type eps)
 <genlogo.eps> [7

]
File: dna_background.eps Graphic file (type eps)
 <dna_background.eps>
File: genlogo.eps Graphic file (type eps)
 <genlogo.eps>
[7

]
File: dna_background.eps Graphic file (type eps)
 <dna_background.eps>
File: genlogo.eps Graphic file (type eps)
 <genlogo.eps> [8

]
File: dna_background.eps Graphic file (type eps)
 <dna_background.eps>
File: genlogo.eps Graphic file (type eps)
 <genlogo.eps>
[9

]
File: dna_background.eps Graphic file (type eps)
 <dna_background.eps>
File: genlogo.eps Graphic file (type eps)
 <genlogo.eps> [9

]
File: dna_background.eps Graphic file (type eps)
 <dna_background.eps>
File: genlogo.eps Graphic file (type eps)
 <genlogo.eps>
[9

]
File: dna_background.eps Graphic file (type eps)
 <dna_background.eps>
File: genlogo.eps Graphic file (type eps)
 <genlogo.eps> [10

]
File: dna_background.eps Graphic file (type eps)
 <dna_background.eps>
File: genlogo.eps Graphic file (type eps)
 <genlogo.eps>
[10

]
File: dna_background.eps Graphic file (type eps)
 <dna_background.eps>
File: genlogo.eps Graphic file (type eps)
 <genlogo.eps> [10

]
File: dna_background.eps Graphic file (type eps)
 <dna_background.eps>
File: genlogo.eps Graphic file (type eps)

<genlogo.eps> [11

]
File: dna_background.eps Graphic file (type eps)
 <dna_background.eps>
File: genlogo.eps Graphic file (type eps)
 <genlogo.eps> [11

]
File: dna_background.eps Graphic file (type eps)

<dna_background.eps>
File: genlogo.eps Graphic file (type eps)
 <genlogo.eps> [11

]
File: dna_background.eps Graphic file (type eps)
 <dna_background.eps>
File: genlogo.eps Graphic file (type eps)
 <genlogo.eps>
[11

]
File: dna_background.eps Graphic file (type eps)
 <dna_background.eps>
File: genlogo.eps Graphic file (type eps)
 <genlogo.eps> [12

]
File: dna_background.eps Graphic file (type eps)
 <dna_background.eps>
File: genlogo.eps Graphic file (type eps)

<genlogo.eps> [12

]
File: dna_background.eps Graphic file (type eps)
 <dna_background.eps>
File: genlogo.eps Graphic file (type eps)
 <genlogo.eps> [12

]
File: cluster_network.eps Graphic file (type eps)

<cluster_network.eps>
File: dna_background.eps Graphic file (type eps)
 <dna_background.eps>
File: genlogo.eps Graphic file (type eps)
 <genlogo.eps> [13

]
File: dna_background.eps Graphic file (type eps)

<dna_background.eps>
File: genlogo.eps Graphic file (type eps)
 <genlogo.eps> [14

]
File: dna_background.eps Graphic file (type eps)
 <dna_background.eps>
File: genlogo.eps Graphic file (type eps)
 <genlogo.eps>
[14

]
File: dna_background.eps Graphic file (type eps)
 <dna_background.eps>
File: genlogo.eps Graphic file (type eps)
 <genlogo.eps> [14

]
File: dna_background.eps Graphic file (type eps)
 <dna_background.eps>
File: genlogo.eps Graphic file (type eps)

<genlogo.eps> [14

]
File: dna_background.eps Graphic file (type eps)
 <dna_background.eps>
File: genlogo.eps Graphic file (type eps)
 <genlogo.eps> [14

]
File: dna_background.eps Graphic file (type eps)

<dna_background.eps>
File: genlogo.eps Graphic file (type eps)
 <genlogo.eps> [14

]
File: dna_background.eps Graphic file (type eps)
 <dna_background.eps>
File: genlogo.eps Graphic file (type eps)
 <genlogo.eps>
[15

]
File: dna_background.eps Graphic file (type eps)
 <dna_background.eps>
File: genlogo.eps Graphic file (type eps)
 <genlogo.eps> [15

]
File: dna_background.eps Graphic file (type eps)
 <dna_background.eps>
File: genlogo.eps Graphic file (type eps)

<genlogo.eps> [15

]
File: dna_background.eps Graphic file (type eps)
 <dna_background.eps>
File: genlogo.eps Graphic file (type eps)
 <genlogo.eps> [16

]
File: dna_background.eps Graphic file (type eps)

<dna_background.eps>
File: genlogo.eps Graphic file (type eps)
 <genlogo.eps> [16

]
File: dna_background.eps Graphic file (type eps)
 <dna_background.eps>
File: genlogo.eps Graphic file (type eps)
 <genlogo.eps>
[16

]
File: dna_background.eps Graphic file (type eps)
 <dna_background.eps>
File: genlogo.eps Graphic file (type eps)
 <genlogo.eps> [16

]
File: dna_background.eps Graphic file (type eps)
 <dna_background.eps>
File: genlogo.eps Graphic file (type eps)

<genlogo.eps> [17

]
File: dna_background.eps Graphic file (type eps)
 <dna_background.eps>
File: genlogo.eps Graphic file (type eps)
 <genlogo.eps> [17

]
File: dna_background.eps Graphic file (type eps)

<dna_background.eps>
File: genlogo.eps Graphic file (type eps)
 <genlogo.eps> [17

]
File: dna_background.eps Graphic file (type eps)
 <dna_background.eps>
File: genlogo.eps Graphic file (type eps)
 <genlogo.eps>
[17

]
File: dna_background.eps Graphic file (type eps)
 <dna_background.eps>
File: genlogo.eps Graphic file (type eps)
 <genlogo.eps> [17

]
File: dna_background.eps Graphic file (type eps)
 <dna_background.eps>
File: genlogo.eps Graphic file (type eps)

<genlogo.eps> [18

]
File: dna_background.eps Graphic file (type eps)
 <dna_background.eps>
File: genlogo.eps Graphic file (type eps)
 <genlogo.eps> [18

]
File: dna_background.eps Graphic file (type eps)

<dna_background.eps>
File: genlogo.eps Graphic file (type eps)
 <genlogo.eps> [18

]
File: dna_background.eps Graphic file (type eps)
 <dna_background.eps>
File: genlogo.eps Graphic file (type eps)
 <genlogo.eps>
[19

]
File: dna_background.eps Graphic file (type eps)
 <dna_background.eps>
File: genlogo.eps Graphic file (type eps)
 <genlogo.eps> [19

]
File: dna_background.eps Graphic file (type eps)
 <dna_background.eps>
File: genlogo.eps Graphic file (type eps)

<genlogo.eps> [20

]
File: dna_background.eps Graphic file (type eps)
 <dna_background.eps>
File: genlogo.eps Graphic file (type eps)
 <genlogo.eps> [20

]
File: dna_background.eps Graphic file (type eps)

<dna_background.eps>
File: genlogo.eps Graphic file (type eps)
 <genlogo.eps> [20

]
File: dna_background.eps Graphic file (type eps)
 <dna_background.eps>
File: genlogo.eps Graphic file (type eps)
 <genlogo.eps>
[21

]
File: dna_background.eps Graphic file (type eps)
 <dna_background.eps>
File: genlogo.eps Graphic file (type eps)
 <genlogo.eps> [21

]
File: dna_background.eps Graphic file (type eps)
 <dna_background.eps>
File: genlogo.eps Graphic file (type eps)

<genlogo.eps> [22

]
File: dna_background.eps Graphic file (type eps)
 <dna_background.eps>
File: genlogo.eps Graphic file (type eps)
 <genlogo.eps> [22

]
File: dna_background.eps Graphic file (type eps)

<dna_background.eps>
File: genlogo.eps Graphic file (type eps)
 <genlogo.eps> [22

]
File: dna_background.eps Graphic file (type eps)
 <dna_background.eps>
File: genlogo.eps Graphic file (type eps)
 <genlogo.eps>
[22

]
File: dna_background.eps Graphic file (type eps)
 <dna_background.eps>
File: genlogo.eps Graphic file (type eps)
 <genlogo.eps> [22

]
File: dna_background.eps Graphic file (type eps)
 <dna_background.eps>
File: genlogo.eps Graphic file (type eps)

<genlogo.eps> [22

]
File: dna_background.eps Graphic file (type eps)
 <dna_background.eps>
File: genlogo.eps Graphic file (type eps)
 <genlogo.eps> [23

]
File: dna_background.eps Graphic file (type eps)

<dna_background.eps>
File: genlogo.eps Graphic file (type eps)
 <genlogo.eps> [23

]
File: dna_background.eps Graphic file (type eps)
 <dna_background.eps>
File: genlogo.eps Graphic file (type eps)
 <genlogo.eps>
[23

]
File: dna_background.eps Graphic file (type eps)
 <dna_background.eps>
File: genlogo.eps Graphic file (type eps)
 <genlogo.eps> [24

]
File: dna_background.eps Graphic file (type eps)
 <dna_background.eps>
File: genlogo.eps Graphic file (type eps)

<genlogo.eps> [24

]
File: dna_background.eps Graphic file (type eps)
 <dna_background.eps>
File: genlogo.eps Graphic file (type eps)
 <genlogo.eps> [24

]
File: dna_background.eps Graphic file (type eps)

<dna_background.eps>
File: genlogo.eps Graphic file (type eps)
 <genlogo.eps> [25

]
File: dna_background.eps Graphic file (type eps)
 <dna_background.eps>
File: genlogo.eps Graphic file (type eps)
 <genlogo.eps>
[25

]
File: dna_background.eps Graphic file (type eps)
 <dna_background.eps>
File: genlogo.eps Graphic file (type eps)
 <genlogo.eps> [25

] (./bits_and_bytes.aux) ) 
Here is how much of TeX's memory you used:
 4148 strings out of 94501
 54114 string characters out of 1161794
 128758 words of memory out of 1000000
 7290 multiletter control sequences out of 10000+50000
 14857 words of font info for 27 fonts, out of 500000 for 2000
 580 hyphenation exceptions out of 1000
 43i,6n,44p,232b,717s stack positions out of 1500i,500n,5000p,200000b,40000s

Output written on bits_and_bytes.dvi (82 pages, 204688 bytes).
